<?xml version="1.0" encoding="UTF-8"?>
<testsuite xmlns:xsi="http://www.w3.org/2001/XMLSchema-instance" xsi:noNamespaceSchemaLocation="https://maven.apache.org/surefire/maven-failsafe-plugin/xsd/failsafe-test-report.xsd" name="es.javi.cursos.repository.TeacherRepositoryIT" time="6.864" tests="2" errors="0" skipped="0" failures="1">
  <properties>
[...]
</properties>
  <testcase name="find_all_teachers_should_return_them_and_contains_juan" classname="es.javi.cursos.repository.TeacherRepositoryIT" time="0.362">
    <failure message="&#10;Expected: &lt;6L&gt;&#10;     but: was &lt;9L&gt;" type="java.lang.AssertionError"><![CDATA[java.lang.AssertionError: 

Expected: <6L>
     but: was <9L>
	at es.javi.cursos.repository.TeacherRepositoryIT.find_all_teachers_should_return_them_and_contains_juan(TeacherRepositoryIT.java:35)
]]></failure>
    <system-out><![CDATA[09:16:47.995 [main] DEBUG org.springframework.test.context.junit4.SpringJUnit4ClassRunner - SpringJUnit4ClassRunner constructor called with [class es.javi.cursos.repository.TeacherRepositoryIT]
09:16:48.003 [main] DEBUG org.springframework.test.context.BootstrapUtils - Instantiating CacheAwareContextLoaderDelegate from class [org.springframework.test.context.cache.DefaultCacheAwareContextLoaderDelegate]
09:16:48.017 [main] DEBUG org.springframework.test.context.BootstrapUtils - Instantiating BootstrapContext using constructor [public org.springframework.test.context.support.DefaultBootstrapContext(java.lang.Class,org.springframework.test.context.CacheAwareContextLoaderDelegate)]
09:16:48.056 [main] DEBUG org.springframework.test.context.BootstrapUtils - Instantiating TestContextBootstrapper for test class [es.javi.cursos.repository.TeacherRepositoryIT] from class [org.springframework.boot.test.context.SpringBootTestContextBootstrapper]
09:16:48.074 [main] INFO org.springframework.boot.test.context.SpringBootTestContextBootstrapper - Neither @ContextConfiguration nor @ContextHierarchy found for test class [es.javi.cursos.repository.TeacherRepositoryIT], using SpringBootContextLoader
09:16:48.079 [main] DEBUG org.springframework.test.context.support.AbstractContextLoader - Did not detect default resource location for test class [es.javi.cursos.repository.TeacherRepositoryIT]: class path resource [es/javi/cursos/repository/TeacherRepositoryIT-context.xml] does not exist
09:16:48.079 [main] DEBUG org.springframework.test.context.support.AbstractContextLoader - Did not detect default resource location for test class [es.javi.cursos.repository.TeacherRepositoryIT]: class path resource [es/javi/cursos/repository/TeacherRepositoryITContext.groovy] does not exist
09:16:48.079 [main] INFO org.springframework.test.context.support.AbstractContextLoader - Could not detect default resource locations for test class [es.javi.cursos.repository.TeacherRepositoryIT]: no resource found for suffixes {-context.xml, Context.groovy}.
09:16:48.080 [main] INFO org.springframework.test.context.support.AnnotationConfigContextLoaderUtils - Could not detect default configuration classes for test class [es.javi.cursos.repository.TeacherRepositoryIT]: TeacherRepositoryIT does not declare any static, non-private, non-final, nested classes annotated with @Configuration.
09:16:48.158 [main] DEBUG org.springframework.test.context.support.ActiveProfilesUtils - Could not find an 'annotation declaring class' for annotation type [org.springframework.test.context.ActiveProfiles] and class [es.javi.cursos.repository.TeacherRepositoryIT]
09:16:48.276 [main] DEBUG org.springframework.context.annotation.ClassPathScanningCandidateComponentProvider - Identified candidate component class: file [/Users/javiersomavilla/Documents/workspace/SpringBootCourses/target/classes/es/javi/cursos/Application.class]
09:16:48.277 [main] INFO org.springframework.boot.test.context.SpringBootTestContextBootstrapper - Found @SpringBootConfiguration es.javi.cursos.Application for test class es.javi.cursos.repository.TeacherRepositoryIT
09:16:48.412 [main] DEBUG org.springframework.boot.test.context.SpringBootTestContextBootstrapper - @TestExecutionListeners is not present for class [es.javi.cursos.repository.TeacherRepositoryIT]: using defaults.
09:16:48.413 [main] INFO org.springframework.boot.test.context.SpringBootTestContextBootstrapper - Loaded default TestExecutionListener class names from location [META-INF/spring.factories]: [org.springframework.boot.test.mock.mockito.MockitoTestExecutionListener, org.springframework.boot.test.mock.mockito.ResetMocksTestExecutionListener, org.springframework.boot.test.autoconfigure.restdocs.RestDocsTestExecutionListener, org.springframework.boot.test.autoconfigure.web.client.MockRestServiceServerResetTestExecutionListener, org.springframework.boot.test.autoconfigure.web.servlet.MockMvcPrintOnlyOnFailureTestExecutionListener, org.springframework.boot.test.autoconfigure.web.servlet.WebDriverTestExecutionListener, org.springframework.test.context.web.ServletTestExecutionListener, org.springframework.test.context.support.DirtiesContextBeforeModesTestExecutionListener, org.springframework.test.context.support.DependencyInjectionTestExecutionListener, org.springframework.test.context.support.DirtiesContextTestExecutionListener, org.springframework.test.context.transaction.TransactionalTestExecutionListener, org.springframework.test.context.jdbc.SqlScriptsTestExecutionListener]
09:16:48.436 [main] INFO org.springframework.boot.test.context.SpringBootTestContextBootstrapper - Using TestExecutionListeners: [org.springframework.test.context.web.ServletTestExecutionListener@1815577b, org.springframework.test.context.support.DirtiesContextBeforeModesTestExecutionListener@71567f33, org.springframework.boot.test.mock.mockito.MockitoTestExecutionListener@71369e1a, org.springframework.boot.test.autoconfigure.SpringBootDependencyInjectionTestExecutionListener@3cf55e0c, org.springframework.test.context.support.DirtiesContextTestExecutionListener@ee96866, org.springframework.test.context.transaction.TransactionalTestExecutionListener@4c04216f, org.springframework.test.context.jdbc.SqlScriptsTestExecutionListener@987a0bb, org.springframework.boot.test.mock.mockito.ResetMocksTestExecutionListener@1f949ab9, org.springframework.boot.test.autoconfigure.restdocs.RestDocsTestExecutionListener@5a7b6b75, org.springframework.boot.test.autoconfigure.web.client.MockRestServiceServerResetTestExecutionListener@3719360c, org.springframework.boot.test.autoconfigure.web.servlet.MockMvcPrintOnlyOnFailureTestExecutionListener@3afca2c, org.springframework.boot.test.autoconfigure.web.servlet.WebDriverTestExecutionListener@3855d9b2]
09:16:48.438 [main] DEBUG org.springframework.test.annotation.ProfileValueUtils - Retrieved @ProfileValueSourceConfiguration [null] for test class [es.javi.cursos.repository.TeacherRepositoryIT]
09:16:48.439 [main] DEBUG org.springframework.test.annotation.ProfileValueUtils - Retrieved ProfileValueSource type [class org.springframework.test.annotation.SystemProfileValueSource] for class [es.javi.cursos.repository.TeacherRepositoryIT]
09:16:48.440 [main] DEBUG org.springframework.test.annotation.ProfileValueUtils - Retrieved @ProfileValueSourceConfiguration [null] for test class [es.javi.cursos.repository.TeacherRepositoryIT]
09:16:48.440 [main] DEBUG org.springframework.test.annotation.ProfileValueUtils - Retrieved ProfileValueSource type [class org.springframework.test.annotation.SystemProfileValueSource] for class [es.javi.cursos.repository.TeacherRepositoryIT]
09:16:48.441 [main] DEBUG org.springframework.test.annotation.ProfileValueUtils - Retrieved @ProfileValueSourceConfiguration [null] for test class [es.javi.cursos.repository.TeacherRepositoryIT]
09:16:48.441 [main] DEBUG org.springframework.test.annotation.ProfileValueUtils - Retrieved ProfileValueSource type [class org.springframework.test.annotation.SystemProfileValueSource] for class [es.javi.cursos.repository.TeacherRepositoryIT]
09:16:48.446 [main] DEBUG org.springframework.test.context.support.AbstractDirtiesContextTestExecutionListener - Before test class: context [DefaultTestContext@74a58a06 testClass = TeacherRepositoryIT, testInstance = [null], testMethod = [null], testException = [null], mergedContextConfiguration = [WebMergedContextConfiguration@7308c820 testClass = TeacherRepositoryIT, locations = '{}', classes = '{class es.javi.cursos.Application}', contextInitializerClasses = '[]', activeProfiles = '{}', propertySourceLocations = '{}', propertySourceProperties = '{org.springframework.boot.test.context.SpringBootTestContextBootstrapper=true}', contextCustomizers = set[org.springframework.boot.test.context.filter.ExcludeFilterContextCustomizer@5633dafd, org.springframework.boot.test.json.DuplicateJsonObjectContextCustomizerFactory$DuplicateJsonObjectContextCustomizer@3724b43e, org.springframework.boot.test.mock.mockito.MockitoContextCustomizer@0, org.springframework.boot.test.web.client.TestRestTemplateContextCustomizer@16c587de, org.springframework.boot.test.autoconfigure.properties.PropertyMappingContextCustomizer@0, org.springframework.boot.test.autoconfigure.web.servlet.WebDriverContextCustomizerFactory$Customizer@56afdf9a], resourceBasePath = 'src/main/webapp', contextLoader = 'org.springframework.boot.test.context.SpringBootContextLoader', parent = [null]], attributes = map['org.springframework.test.context.web.ServletTestExecutionListener.activateListener' -> true]], class annotated with @DirtiesContext [false] with mode [null].
09:16:48.447 [main] DEBUG org.springframework.test.annotation.ProfileValueUtils - Retrieved @ProfileValueSourceConfiguration [null] for test class [es.javi.cursos.repository.TeacherRepositoryIT]
09:16:48.447 [main] DEBUG org.springframework.test.annotation.ProfileValueUtils - Retrieved ProfileValueSource type [class org.springframework.test.annotation.SystemProfileValueSource] for class [es.javi.cursos.repository.TeacherRepositoryIT]
09:16:48.482 [main] DEBUG org.springframework.test.context.support.TestPropertySourceUtils - Adding inlined properties to environment: {spring.jmx.enabled=false, org.springframework.boot.test.context.SpringBootTestContextBootstrapper=true, server.port=-1}

  .   ____          _            __ _ _
 /\\ / ___'_ __ _ _(_)_ __  __ _ \ \ \ \
( ( )\___ | '_ | '_| | '_ \/ _` | \ \ \ \
 \\/  ___)| |_)| | | | | || (_| |  ) ) ) )
  '  |____| .__|_| |_|_| |_\__, | / / / /
 =========|_|==============|___/=/_/_/_/
 :: Spring Boot ::        (v2.1.0.RELEASE)

2018-11-14 09:16:48.875  INFO 18520 --- [           main] e.j.c.repository.TeacherRepositoryIT     : Starting TeacherRepositoryIT on MacBook-Pro-de-Javier.local with PID 18520 (started by javiersomavilla in /Users/javiersomavilla/Documents/workspace/SpringBootCourses)
2018-11-14 09:16:48.876  INFO 18520 --- [           main] e.j.c.repository.TeacherRepositoryIT     : No active profile set, falling back to default profiles: default
2018-11-14 09:16:49.616  INFO 18520 --- [           main] .s.d.r.c.RepositoryConfigurationDelegate : Bootstrapping Spring Data repositories in DEFAULT mode.
2018-11-14 09:16:49.739  INFO 18520 --- [           main] .s.d.r.c.RepositoryConfigurationDelegate : Finished Spring Data repository scanning in 109ms. Found 3 repository interfaces.
2018-11-14 09:16:50.271  INFO 18520 --- [           main] trationDelegate$BeanPostProcessorChecker : Bean 'org.springframework.transaction.annotation.ProxyTransactionManagementConfiguration' of type [org.springframework.transaction.annotation.ProxyTransactionManagementConfiguration$$EnhancerBySpringCGLIB$$63364173] is not eligible for getting processed by all BeanPostProcessors (for example: not eligible for auto-proxying)
2018-11-14 09:16:50.567  INFO 18520 --- [           main] o.hibernate.jpa.internal.util.LogHelper  : HHH000204: Processing PersistenceUnitInfo [
	name: default
	...]
2018-11-14 09:16:50.685  INFO 18520 --- [           main] org.hibernate.Version                    : HHH000412: Hibernate Core {5.3.7.Final}
2018-11-14 09:16:50.687  INFO 18520 --- [           main] org.hibernate.cfg.Environment            : HHH000206: hibernate.properties not found
2018-11-14 09:16:50.877  INFO 18520 --- [           main] o.hibernate.annotations.common.Version   : HCANN000001: Hibernate Commons Annotations {5.0.4.Final}
2018-11-14 09:16:51.062  INFO 18520 --- [           main] com.zaxxer.hikari.HikariDataSource       : HikariPool-1 - Starting...
2018-11-14 09:16:51.508  INFO 18520 --- [           main] com.zaxxer.hikari.HikariDataSource       : HikariPool-1 - Start completed.
2018-11-14 09:16:51.529  INFO 18520 --- [           main] org.hibernate.dialect.Dialect            : HHH000400: Using dialect: org.hibernate.dialect.MySQL5Dialect
2018-11-14 09:16:52.533 DEBUG 18520 --- [           main] org.hibernate.SQL                        : alter table course add constraint FKsybhlxoejr4j3teomm5u2bx1n foreign key (teacher_id) references teacher (id)
Hibernate: alter table course add constraint FKsybhlxoejr4j3teomm5u2bx1n foreign key (teacher_id) references teacher (id)
2018-11-14 09:16:52.650 DEBUG 18520 --- [           main] org.hibernate.SQL                        : alter table subject add constraint FKnxhd764cm1ie783v26t3jsdlx foreign key (course_id) references course (id)
Hibernate: alter table subject add constraint FKnxhd764cm1ie783v26t3jsdlx foreign key (course_id) references course (id)
2018-11-14 09:16:52.666  INFO 18520 --- [           main] j.LocalContainerEntityManagerFactoryBean : Initialized JPA EntityManagerFactory for persistence unit 'default'
2018-11-14 09:16:53.739  INFO 18520 --- [           main] o.s.s.concurrent.ThreadPoolTaskExecutor  : Initializing ExecutorService 'applicationTaskExecutor'
2018-11-14 09:16:54.124  INFO 18520 --- [           main] e.j.c.repository.TeacherRepositoryIT     : Started TeacherRepositoryIT in 5.622 seconds (JVM running for 6.856)
2018-11-14 09:16:54.160  INFO 18520 --- [           main] o.s.t.c.transaction.TransactionContext   : Began transaction (1) for test context [DefaultTestContext@74a58a06 testClass = TeacherRepositoryIT, testInstance = es.javi.cursos.repository.TeacherRepositoryIT@2b0a97c9, testMethod = find_all_teachers_should_return_them_and_contains_juan@TeacherRepositoryIT, testException = [null], mergedContextConfiguration = [WebMergedContextConfiguration@7308c820 testClass = TeacherRepositoryIT, locations = '{}', classes = '{class es.javi.cursos.Application}', contextInitializerClasses = '[]', activeProfiles = '{}', propertySourceLocations = '{}', propertySourceProperties = '{org.springframework.boot.test.context.SpringBootTestContextBootstrapper=true}', contextCustomizers = set[org.springframework.boot.test.context.filter.ExcludeFilterContextCustomizer@5633dafd, org.springframework.boot.test.json.DuplicateJsonObjectContextCustomizerFactory$DuplicateJsonObjectContextCustomizer@3724b43e, org.springframework.boot.test.mock.mockito.MockitoContextCustomizer@0, org.springframework.boot.test.web.client.TestRestTemplateContextCustomizer@16c587de, org.springframework.boot.test.autoconfigure.properties.PropertyMappingContextCustomizer@0, org.springframework.boot.test.autoconfigure.web.servlet.WebDriverContextCustomizerFactory$Customizer@56afdf9a], resourceBasePath = 'src/main/webapp', contextLoader = 'org.springframework.boot.test.context.SpringBootContextLoader', parent = [null]], attributes = map['org.springframework.test.context.web.ServletTestExecutionListener.activateListener' -> true, 'org.springframework.test.context.web.ServletTestExecutionListener.populatedRequestContextHolder' -> true, 'org.springframework.test.context.web.ServletTestExecutionListener.resetRequestContextHolder' -> true]]; transaction manager [org.springframework.orm.jpa.JpaTransactionManager@e8ceba7]; rollback [true]
2018-11-14 09:16:54.293  INFO 18520 --- [           main] o.h.h.i.QueryTranslatorFactoryInitiator  : HHH000397: Using ASTQueryTranslatorFactory
2018-11-14 09:16:54.446 DEBUG 18520 --- [           main] org.hibernate.SQL                        : select teacher0_.id as id1_2_, teacher0_.name as name2_2_ from teacher teacher0_ limit ?
Hibernate: select teacher0_.id as id1_2_, teacher0_.name as name2_2_ from teacher teacher0_ limit ?
2018-11-14 09:16:54.503  INFO 18520 --- [           main] o.s.t.c.transaction.TransactionContext   : Rolled back transaction for test: [DefaultTestContext@74a58a06 testClass = TeacherRepositoryIT, testInstance = es.javi.cursos.repository.TeacherRepositoryIT@2b0a97c9, testMethod = find_all_teachers_should_return_them_and_contains_juan@TeacherRepositoryIT, testException = java.lang.AssertionError: 
Expected: <6L>
     but: was <9L>, mergedContextConfiguration = [WebMergedContextConfiguration@7308c820 testClass = TeacherRepositoryIT, locations = '{}', classes = '{class es.javi.cursos.Application}', contextInitializerClasses = '[]', activeProfiles = '{}', propertySourceLocations = '{}', propertySourceProperties = '{org.springframework.boot.test.context.SpringBootTestContextBootstrapper=true}', contextCustomizers = set[org.springframework.boot.test.context.filter.ExcludeFilterContextCustomizer@5633dafd, org.springframework.boot.test.json.DuplicateJsonObjectContextCustomizerFactory$DuplicateJsonObjectContextCustomizer@3724b43e, org.springframework.boot.test.mock.mockito.MockitoContextCustomizer@0, org.springframework.boot.test.web.client.TestRestTemplateContextCustomizer@16c587de, org.springframework.boot.test.autoconfigure.properties.PropertyMappingContextCustomizer@0, org.springframework.boot.test.autoconfigure.web.servlet.WebDriverContextCustomizerFactory$Customizer@56afdf9a], resourceBasePath = 'src/main/webapp', contextLoader = 'org.springframework.boot.test.context.SpringBootContextLoader', parent = [null]], attributes = map['org.springframework.test.context.web.ServletTestExecutionListener.activateListener' -> true, 'org.springframework.test.context.web.ServletTestExecutionListener.populatedRequestContextHolder' -> true, 'org.springframework.test.context.web.ServletTestExecutionListener.resetRequestContextHolder' -> true]]
]]></system-out>
    <system-err><![CDATA[Wed Nov 14 09:16:51 CET 2018 WARN: Establishing SSL connection without server's identity verification is not recommended. According to MySQL 5.5.45+, 5.6.26+ and 5.7.6+ requirements SSL connection must be established by default if explicit option isn't set. For compliance with existing applications not using SSL the verifyServerCertificate property is set to 'false'. You need either to explicitly disable SSL by setting useSSL=false, or set useSSL=true and provide truststore for server certificate verification.
Wed Nov 14 09:16:51 CET 2018 WARN: Establishing SSL connection without server's identity verification is not recommended. According to MySQL 5.5.45+, 5.6.26+ and 5.7.6+ requirements SSL connection must be established by default if explicit option isn't set. For compliance with existing applications not using SSL the verifyServerCertificate property is set to 'false'. You need either to explicitly disable SSL by setting useSSL=false, or set useSSL=true and provide truststore for server certificate verification.
Wed Nov 14 09:16:51 CET 2018 WARN: Establishing SSL connection without server's identity verification is not recommended. According to MySQL 5.5.45+, 5.6.26+ and 5.7.6+ requirements SSL connection must be established by default if explicit option isn't set. For compliance with existing applications not using SSL the verifyServerCertificate property is set to 'false'. You need either to explicitly disable SSL by setting useSSL=false, or set useSSL=true and provide truststore for server certificate verification.
Wed Nov 14 09:16:51 CET 2018 WARN: Establishing SSL connection without server's identity verification is not recommended. According to MySQL 5.5.45+, 5.6.26+ and 5.7.6+ requirements SSL connection must be established by default if explicit option isn't set. For compliance with existing applications not using SSL the verifyServerCertificate property is set to 'false'. You need either to explicitly disable SSL by setting useSSL=false, or set useSSL=true and provide truststore for server certificate verification.
Wed Nov 14 09:16:51 CET 2018 WARN: Establishing SSL connection without server's identity verification is not recommended. According to MySQL 5.5.45+, 5.6.26+ and 5.7.6+ requirements SSL connection must be established by default if explicit option isn't set. For compliance with existing applications not using SSL the verifyServerCertificate property is set to 'false'. You need either to explicitly disable SSL by setting useSSL=false, or set useSSL=true and provide truststore for server certificate verification.
Wed Nov 14 09:16:51 CET 2018 WARN: Establishing SSL connection without server's identity verification is not recommended. According to MySQL 5.5.45+, 5.6.26+ and 5.7.6+ requirements SSL connection must be established by default if explicit option isn't set. For compliance with existing applications not using SSL the verifyServerCertificate property is set to 'false'. You need either to explicitly disable SSL by setting useSSL=false, or set useSSL=true and provide truststore for server certificate verification.
Wed Nov 14 09:16:51 CET 2018 WARN: Establishing SSL connection without server's identity verification is not recommended. According to MySQL 5.5.45+, 5.6.26+ and 5.7.6+ requirements SSL connection must be established by default if explicit option isn't set. For compliance with existing applications not using SSL the verifyServerCertificate property is set to 'false'. You need either to explicitly disable SSL by setting useSSL=false, or set useSSL=true and provide truststore for server certificate verification.
Wed Nov 14 09:16:51 CET 2018 WARN: Establishing SSL connection without server's identity verification is not recommended. According to MySQL 5.5.45+, 5.6.26+ and 5.7.6+ requirements SSL connection must be established by default if explicit option isn't set. For compliance with existing applications not using SSL the verifyServerCertificate property is set to 'false'. You need either to explicitly disable SSL by setting useSSL=false, or set useSSL=true and provide truststore for server certificate verification.
Wed Nov 14 09:16:51 CET 2018 WARN: Establishing SSL connection without server's identity verification is not recommended. According to MySQL 5.5.45+, 5.6.26+ and 5.7.6+ requirements SSL connection must be established by default if explicit option isn't set. For compliance with existing applications not using SSL the verifyServerCertificate property is set to 'false'. You need either to explicitly disable SSL by setting useSSL=false, or set useSSL=true and provide truststore for server certificate verification.
Wed Nov 14 09:16:51 CET 2018 WARN: Establishing SSL connection without server's identity verification is not recommended. According to MySQL 5.5.45+, 5.6.26+ and 5.7.6+ requirements SSL connection must be established by default if explicit option isn't set. For compliance with existing applications not using SSL the verifyServerCertificate property is set to 'false'. You need either to explicitly disable SSL by setting useSSL=false, or set useSSL=true and provide truststore for server certificate verification.
]]></system-err>
  </testcase>
  <testcase name="add_teacher_and_find_it" classname="es.javi.cursos.repository.TeacherRepositoryIT" time="0.101"/>
</testsuite>